<?xml version="1.0" encoding="UTF-8"?>
<!-- Generated by org.testng.reporters.JUnitXMLReporter -->
<testsuite hostname="Unilog-SW-01-13" name="Command line test" tests="3" failures="0" timestamp="25 Feb 2016 09:26:23 GMT" time="27.989" errors="0">
  <testcase name="LoginlogOutTset" time="3.01" classname="com.Unilog.scripts.TC001_Unilog_LoginLogout"/>
  <testcase name="LoginlogOutTset" time="2.874" classname="com.Unilog.scripts.TC001_Unilog_LoginLogout"/>
  <testcase name="LoginlogOutTset" time="2.612" classname="com.Unilog.scripts.TC001_Unilog_LoginLogout"/>
</testsuite> <!-- Command line test -->
