<?xml version="1.0" encoding="UTF-8"?>
<testng-results skipped="1" failed="0" total="1" passed="0">
  <reporter-output>
  </reporter-output>
  <suite name="Default suite" duration-ms="21" started-at="2016-03-11T06:38:03Z" finished-at="2016-03-11T06:38:03Z">
    <groups>
    </groups>
    <test name="Default test" duration-ms="21" started-at="2016-03-11T06:38:03Z" finished-at="2016-03-11T06:38:03Z">
      <class name="com.Unilog.scripts.TC001_Unilog_LoginLogout">
        <test-method status="SKIP" signature="LoginlogOutTset(java.lang.String, java.lang.String)[pri:0, instance:com.Unilog.scripts.TC001_Unilog_LoginLogout@ea639]" name="LoginlogOutTset" duration-ms="0" started-at="2016-03-11T12:08:03Z" data-provider="Logindata" finished-at="2016-03-11T12:08:03Z">
          <exception class="org.testng.TestNGException">
            <message>
              <![CDATA[
Method public void com.Unilog.scripts.TC001_Unilog_LoginLogout.LoginlogOutTset(java.lang.String,java.lang.String) throws java.lang.Exception requires a @DataProvider named : Logindata]]>
            </message>
            <full-stacktrace>
              <![CDATA[org.testng.TestNGException: 
Method public void com.Unilog.scripts.TC001_Unilog_LoginLogout.LoginlogOutTset(java.lang.String,java.lang.String) throws java.lang.Exception requires a @DataProvider named : Logindata
	at org.testng.internal.Parameters.findDataProvider(Parameters.java:262)
	at org.testng.internal.Parameters.handleParameters(Parameters.java:418)
	at org.testng.internal.Invoker.handleParameters(Invoker.java:1276)
	at org.testng.internal.Invoker.createParameters(Invoker.java:992)
	at org.testng.internal.Invoker.invokeTestMethods(Invoker.java:1082)
	at org.testng.internal.TestMethodWorker.invokeTestMethods(TestMethodWorker.java:124)
	at org.testng.internal.TestMethodWorker.run(TestMethodWorker.java:108)
	at org.testng.TestRunner.privateRun(TestRunner.java:773)
	at org.testng.TestRunner.run(TestRunner.java:623)
	at org.testng.SuiteRunner.runTest(SuiteRunner.java:357)
	at org.testng.SuiteRunner.runSequentially(SuiteRunner.java:352)
	at org.testng.SuiteRunner.privateRun(SuiteRunner.java:310)
	at org.testng.SuiteRunner.run(SuiteRunner.java:259)
	at org.testng.SuiteRunnerWorker.runSuite(SuiteRunnerWorker.java:52)
	at org.testng.SuiteRunnerWorker.run(SuiteRunnerWorker.java:86)
	at org.testng.TestNG.runSuitesSequentially(TestNG.java:1185)
	at org.testng.TestNG.runSuitesLocally(TestNG.java:1110)
	at org.testng.TestNG.run(TestNG.java:1018)
	at org.testng.remote.RemoteTestNG.run(RemoteTestNG.java:111)
	at org.testng.remote.RemoteTestNG.initAndRun(RemoteTestNG.java:204)
	at org.testng.remote.RemoteTestNG.main(RemoteTestNG.java:175)
]]>
            </full-stacktrace>
          </exception> <!-- org.testng.TestNGException -->
          <reporter-output>
          </reporter-output>
        </test-method> <!-- LoginlogOutTset -->
      </class> <!-- com.Unilog.scripts.TC001_Unilog_LoginLogout -->
    </test> <!-- Default test -->
  </suite> <!-- Default suite -->
</testng-results>
